Arguments: 
  /Users/eyale/.fnm/node-versions/v12.7.0/installation/bin/node /Users/eyale/Library/Caches/co.zeit.now/dev/builders/yarn --prefer-offline --ignore-engines --cwd /Users/eyale/dev/nostalgiafy

PATH: 
  /Users/eyale/Library/Caches/co.zeit.now/dev/builders:/var/folders/c3/yxl8bm511m94yw0yws_nsbyjhgvpd1/T/fnm-shell-2420066/bin:/var/folders/c3/yxl8bm511m94yw0yws_nsbyjhgvpd1/T/fnm-shell-2420066/bin:/usr/local/opt/scala@2.11/bin:/var/folders/c3/yxl8bm511m94yw0yws_nsbyjhgvpd1/T/fnm-shell-2779250/bin:/Users/eyale/.pyenv/plugins/pyenv-virtualenv/shims:/Users/eyale/.pyenv/shims:/Users/eyale/.cargo/bin:/usr/local/bin:/usr/bin:/bin:/usr/sbin:/sbin:/opt/X11/bin:/var/folders/c3/yxl8bm511m94yw0yws_nsbyjhgvpd1/T/fnm-shell-5586760/bin:/usr/local/opt/scala@2.11/bin:/var/folders/c3/yxl8bm511m94yw0yws_nsbyjhgvpd1/T/fnm-shell-7669519/bin:/Users/eyale/.pyenv/plugins/pyenv-virtualenv/shims:/Users/eyale/.pyenv/shims:/Users/eyale/.cargo/bin:/usr/local/opt/fzf/bin

Yarn version: 
  1.15.2

Node version: 
  12.7.0

Platform: 
  darwin x64

Trace: 
  Invariant Violation: There should only be one folder in a package cache (got  in /Users/eyale/Library/Caches/Yarn/v4/npm-generator-wix-acceptance-1.0.17-d02ba74f1c16c715b7840a5c6026593768be6cb9/node_modules)
      at invariant (/Users/eyale/Library/Caches/co.zeit.now/dev/builders/yarn:1868:15)
      at /Users/eyale/Library/Caches/co.zeit.now/dev/builders/yarn:61723:7
      at Generator.next (<anonymous>)
      at step (/Users/eyale/Library/Caches/co.zeit.now/dev/builders/yarn:310:30)
      at /Users/eyale/Library/Caches/co.zeit.now/dev/builders/yarn:321:13

npm manifest: 
  {
    "private": true,
    "scripts": {
      "build": "next build",
      "dev": "next",
      "now-build": "next build"
    },
    "dependencies": {
      "cookie-session": "^1.3.3",
      "express": "^4.17.1",
      "helmet": "^3.18.0",
      "isomorphic-unfetch": "^3.0.0",
      "mongodb": "^3.2.7",
      "next": "^9.0.0",
      "passport": "^0.4.0",
      "passport-spotify": "^1.0.1",
      "react": "^16.7.0",
      "react-dom": "^16.7.0",
      "spotify-web-api-node": "^4.0.0"
    },
    "devDependencies": {
      "@now/node": "^0.11.0",
      "@types/cookie-session": "^2.0.37",
      "@types/express": "^4.17.0",
      "@types/helmet": "0.0.43",
      "@types/mongodb": "^3.1.28",
      "@types/node": "^12.6.1",
      "@types/passport": "^1.0.0",
      "@types/react": "^16.8.23",
      "typescript": "^3.5.2"
    }
  }

yarn manifest: 
  No manifest

Lockfile: 
  No lockfile
